2026-07-13 14:01:47 INFO  [ActionsTest] - Browser launched
2026-07-13 14:01:47 INFO  [ActionsTest] - This is mouse hover test
2026-07-13 14:01:57 INFO  [ActionsTest] - This is Double Click test
2026-07-13 14:02:02 INFO  [ActionsTest] - This is Drag and Drop test
2026-07-13 15:17:28 INFO  [ActionsTest] - Browser launched
2026-07-13 15:17:28 INFO  [ActionsTest] - This is mouse hover test
2026-07-13 15:17:29 INFO  [ActionsTest] - This is Double Click test
2026-07-13 15:17:30 INFO  [ActionsTest] - This is Drag and Drop test
2026-07-13 15:41:29 INFO  [BrokenLinksTest] - Browser launched
2026-07-13 17:07:54 INFO  [ActionsTest] - Browser launched
2026-07-13 17:07:54 INFO  [ActionsTest] - This is mouse hover test
2026-07-13 17:07:55 INFO  [ActionsTest] - This is Double Click test
2026-07-13 17:07:55 INFO  [ActionsTest] - This is Drag and Drop test
2026-07-13 17:08:18 INFO  [ActionsTest] - Browser launched
2026-07-13 17:08:18 INFO  [ActionsTest] - This is mouse hover test
2026-07-13 17:08:18 INFO  [ActionsTest] - This is Double Click test
2026-07-13 17:08:18 INFO  [ActionsTest] - This is Drag and Drop test
2026-07-13 17:09:19 INFO  [ActionsTest] - Browser launched
2026-07-13 17:09:19 INFO  [ActionsTest] - This is mouse hover test
2026-07-13 17:09:20 INFO  [ActionsTest] - This is Double Click test
2026-07-13 17:09:20 INFO  [ActionsTest] - This is Drag and Drop test
2026-07-13 18:20:16 INFO  [ActionsTest] - Browser launched
2026-07-13 18:20:16 INFO  [ActionsTest] - This is mouse hover test
2026-07-13 18:20:17 INFO  [ActionsTest] - This is Double Click test
2026-07-13 18:20:17 INFO  [ActionsTest] - This is Drag and Drop test
2026-07-13 18:50:28 INFO  [ActionsTest] - Browser launched
2026-07-13 18:50:28 INFO  [ActionsTest] - This is mouse hover test
2026-07-13 18:50:29 INFO  [ActionsTest] - This is Double Click test
2026-07-13 18:50:29 INFO  [ActionsTest] - This is Drag and Drop test
